RXSDK/RXSDK-Android/rxsdk_alipay/build/intermediates/manifest_merge_blame_file/debug/manifest-merger-blame-debug-report.txt
1<?xml version="1.0" encoding="utf-8"?>
2<manifest xmlns:android="http://schemas.android.com/apk/res/android"
3    package="com.ruixue.alipay" >
4
5    <uses-sdk android:minSdkVersion="21" />
5-->src/main/AndroidManifest.xml
6
7    <uses-permission android:name="android.permission.INTERNET" />
7-->src/main/AndroidManifest.xml:5:5-67
7-->src/main/AndroidManifest.xml:5:22-64
8    <uses-permission android:name="android.permission.ACCESS_NETWORK_STATE" />
8-->src/main/AndroidManifest.xml:6:5-79
8-->src/main/AndroidManifest.xml:6:22-76
9    <uses-permission android:name="android.permission.ACCESS_WIFI_STATE" />
9-->src/main/AndroidManifest.xml:7:5-76
9-->src/main/AndroidManifest.xml:7:22-73
10
11    <queries>
11-->src/main/AndroidManifest.xml:9:5-13:15
12        <package android:name="com.eg.android.AlipayGphone" />
12-->src/main/AndroidManifest.xml:10:9-63
12-->src/main/AndroidManifest.xml:10:18-60
13        <package android:name="com.eg.android.AlipayGphoneRC" />
13-->src/main/AndroidManifest.xml:11:9-65
13-->src/main/AndroidManifest.xml:11:18-62
14        <package android:name="hk.alipay.wallet" />
14-->src/main/AndroidManifest.xml:12:9-52
14-->src/main/AndroidManifest.xml:12:18-49
15    </queries>
16
17    <application>
17-->src/main/AndroidManifest.xml:15:5-19:19
18        <meta-data
18-->src/main/AndroidManifest.xml:16:9-18:66
19            android:name="RX_PLUGIN_ALIPAY"
19-->src/main/AndroidManifest.xml:17:13-44
20            android:value="com.ruixue.alipay.AlipaySdkWrapper" />
20-->src/main/AndroidManifest.xml:18:13-63
21    </application>
22
23</manifest>